0 info it worked if it ends with ok
1 verbose cli [ '/home/nasser/.nvm/versions/node/v6.9.1/bin/node',
1 verbose cli   '/home/nasser/.nvm/versions/node/v6.9.1/bin/npm',
1 verbose cli   'start' ]
2 info using npm@3.10.9
3 info using node@v6.9.1
4 verbose run-script [ 'prestart', 'start', 'poststart' ]
5 info lifecycle getting-started-with-hapi-js-part1@1.0.0~prestart: getting-started-with-hapi-js-part1@1.0.0
6 silly lifecycle getting-started-with-hapi-js-part1@1.0.0~prestart: no script for prestart, continuing
7 info lifecycle getting-started-with-hapi-js-part1@1.0.0~start: getting-started-with-hapi-js-part1@1.0.0
8 verbose lifecycle getting-started-with-hapi-js-part1@1.0.0~start: unsafe-perm in lifecycle true
9 verbose lifecycle getting-started-with-hapi-js-part1@1.0.0~start: PATH: /home/nasser/.nvm/versions/node/v6.9.1/lib/node_modules/npm/bin/node-gyp-bin:/home/nasser/Lab/JavascriptSpace/Hapi-js/getting-started-with-hapi-js-part1/node_modules/.bin:/home/nasser/.nvm/versions/node/v6.9.1/bin:./node_modules/.bin:~/Android/Sdk/tools:~/Android/Sdk/platform-tools:/home/nasser/.rvm/gems/ruby-2.3.0/bin:/home/nasser/.rvm/gems/ruby-2.3.0@global/bin:/home/nasser/.rvm/rubies/ruby-2.3.0/bin:/usr/local/sbin:/usr/local/bin:/usr/sbin:/usr/bin:/sbin:/bin:/usr/games:/usr/local/games:/snap/bin:/home/nasser/.rvm/bin
10 verbose lifecycle getting-started-with-hapi-js-part1@1.0.0~start: CWD: /home/nasser/Lab/JavascriptSpace/Hapi-js/getting-started-with-hapi-js-part1
11 silly lifecycle getting-started-with-hapi-js-part1@1.0.0~start: Args: [ '-c', 'node bootstrap.js' ]
12 silly lifecycle getting-started-with-hapi-js-part1@1.0.0~start: Returned: code: 1  signal: null
13 info lifecycle getting-started-with-hapi-js-part1@1.0.0~start: Failed to exec start script
14 verbose stack Error: getting-started-with-hapi-js-part1@1.0.0 start: `node bootstrap.js`
14 verbose stack Exit status 1
14 verbose stack     at EventEmitter.<anonymous> (/home/nasser/.nvm/versions/node/v6.9.1/lib/node_modules/npm/lib/utils/lifecycle.js:255:16)
14 verbose stack     at emitTwo (events.js:106:13)
14 verbose stack     at EventEmitter.emit (events.js:191:7)
14 verbose stack     at ChildProcess.<anonymous> (/home/nasser/.nvm/versions/node/v6.9.1/lib/node_modules/npm/lib/utils/spawn.js:40:14)
14 verbose stack     at emitTwo (events.js:106:13)
14 verbose stack     at ChildProcess.emit (events.js:191:7)
14 verbose stack     at maybeClose (internal/child_process.js:877:16)
14 verbose stack     at Process.ChildProcess._handle.onexit (internal/child_process.js:226:5)
15 verbose pkgid getting-started-with-hapi-js-part1@1.0.0
16 verbose cwd /home/nasser/Lab/JavascriptSpace/Hapi-js/getting-started-with-hapi-js-part1
17 error Linux 4.4.0-47-generic
18 error argv "/home/nasser/.nvm/versions/node/v6.9.1/bin/node" "/home/nasser/.nvm/versions/node/v6.9.1/bin/npm" "start"
19 error node v6.9.1
20 error npm  v3.10.9
21 error code ELIFECYCLE
22 error getting-started-with-hapi-js-part1@1.0.0 start: `node bootstrap.js`
22 error Exit status 1
23 error Failed at the getting-started-with-hapi-js-part1@1.0.0 start script 'node bootstrap.js'.
23 error Make sure you have the latest version of node.js and npm installed.
23 error If you do, this is most likely a problem with the getting-started-with-hapi-js-part1 package,
23 error not with npm itself.
23 error Tell the author that this fails on your system:
23 error     node bootstrap.js
23 error You can get information on how to open an issue for this project with:
23 error     npm bugs getting-started-with-hapi-js-part1
23 error Or if that isn't available, you can get their info via:
23 error     npm owner ls getting-started-with-hapi-js-part1
23 error There is likely additional logging output above.
24 verbose exit [ 1, true ]
